<?xml version="1.0" encoding="UTF-8"?>
<!-- Generated by org.testng.reporters.JUnitReportReporter -->
<testsuite hostname="DESKTOP-64MBMPU" failures="0" tests="4" name="com.opencart.login.tests.LoginTest" time="53.947" errors="0" timestamp="2024-12-20T16:03:29 IST" skipped="0">
  <testcase classname="com.opencart.login.tests.LoginTest" name="verifyLoginWithInvalid" time="37.092"/>
  <system-out/>
  <testcase classname="com.opencart.login.tests.LoginTest" name="verifyLoginWithInvalidEmail" time="5.631"/>
  <system-out/>
  <testcase classname="com.opencart.login.tests.LoginTest" name="verifyLoginWithInvalidPassword" time="5.625"/>
  <system-out/>
  <testcase classname="com.opencart.login.tests.LoginTest" name="verifyLoginWithValid" time="5.599"/>
  <system-out/>
</testsuite> <!-- com.opencart.login.tests.LoginTest -->
