<?xml version="1.0" encoding="UTF-8"?>
<!-- Generated by org.testng.reporters.JUnitReportReporter -->
<testsuite hostname="DESKTOP-64MBMPU" failures="0" tests="2" name="com.opencart.addtocart.tests.AddToCartTest" time="12.698" errors="0" timestamp="2024-12-23T14:07:06 IST" skipped="0">
  <testcase classname="com.opencart.addtocart.tests.AddToCartTest" name="verifyAddToCart" time="1.366"/>
  <system-out/>
  <testcase classname="com.opencart.addtocart.tests.AddToCartTest" name="verifyRemoveFromCart" time="11.332"/>
  <system-out/>
</testsuite> <!-- com.opencart.addtocart.tests.AddToCartTest -->
